# JRE version: Java(TM) SE Runtime Environment (15.0.1+9) (build 15.0.1+9-18)
# Java VM: Java HotSpot(TM) 64-Bit Server VM (15.0.1+9-18, mixed mode, sharing, tiered, compressed oops, g1 gc, windows-amd64)
GC Precious Log:
 CPUs: 8 total, 8 available
 Memory: 7969M
 Large Page Support: Disabled
 NUMA Support: Disabled
 Compressed Oops: Enabled (32-bit)
 Heap Region Size: 1M
 Heap Min Capacity: 8M
 Heap Initial Capacity: 126M
 Heap Max Capacity: 1994M
 Pre-touch: Disabled
 Parallel Workers: 8
 Concurrent Workers: 2
 Concurrent Refinement Workers: 8
 Periodic GC: Disabled
Heap:
 garbage-first heap   total 129024K, used 75592K [0x0000000083600000, 0x0000000100000000)
  region size 1024K, 5 young (5120K), 1 survivors (1024K)
 Metaspace       used 64211K, capacity 64965K, committed 65324K, reserved 1105920K
  class space    used 8744K, capacity 8987K, committed 9088K, reserved 1048576K
GC Heap History (20 events):
Event: 21.264 GC heap before
{Heap before GC invocations=32 (full 0):
 garbage-first heap   total 107520K, used 88236K [0x0000000083600000, 0x0000000100000000)
  region size 1024K, 50 young (51200K), 2 survivors (2048K)
 Metaspace       used 61170K, capacity 61788K, committed 62080K, reserved 1103872K
  class space    used 8322K, capacity 8507K, committed 8576K, reserved 1048576K
}
Event: 21.270 GC heap after
{Heap after GC invocations=33 (full 0):
 garbage-first heap   total 107520K, used 40829K [0x0000000083600000, 0x0000000100000000)
  region size 1024K, 3 young (3072K), 3 survivors (3072K)
 Metaspace       used 61170K, capacity 61788K, committed 62080K, reserved 1103872K
  class space    used 8322K, capacity 8507K, committed 8576K, reserved 1048576K
}
Event: 22.638 GC heap before
{Heap before GC invocations=33 (full 0):
 garbage-first heap   total 107520K, used 74621K [0x0000000083600000, 0x0000000100000000)
  region size 1024K, 37 young (37888K), 3 survivors (3072K)
 Metaspace       used 63539K, capacity 64261K, committed 64428K, reserved 1105920K
  class space    used 8623K, capacity 8858K, committed 8960K, reserved 1048576K
}
Event: 22.652 GC heap after
{Heap after GC invocations=34 (full 0):
 garbage-first heap   total 107520K, used 42477K [0x0000000083600000, 0x0000000100000000)
  region size 1024K, 5 young (5120K), 5 survivors (5120K)
 Metaspace       used 63539K, capacity 64261K, committed 64428K, reserved 1105920K
  class space    used 8623K, capacity 8858K, committed 8960K, reserved 1048576K
}
Event: 23.324 GC heap before
{Heap before GC invocations=35 (full 0):
 garbage-first heap   total 107520K, used 88557K [0x0000000083600000, 0x0000000100000000)
  region size 1024K, 50 young (51200K), 5 survivors (5120K)
 Metaspace       used 63602K, capacity 64325K, committed 64684K, reserved 1105920K
  class space    used 8630K, capacity 8858K, committed 8960K, reserved 1048576K
}
Event: 23.336 GC heap after
{Heap after GC invocations=36 (full 0):
 garbage-first heap   total 107520K, used 51927K [0x0000000083600000, 0x0000000100000000)
  region size 1024K, 7 young (7168K), 7 survivors (7168K)
 Metaspace       used 63602K, capacity 64325K, committed 64684K, reserved 1105920K
  class space    used 8630K, capacity 8858K, committed 8960K, reserved 1048576K
}
Event: 23.903 GC heap before
{Heap before GC invocations=36 (full 0):
 garbage-first heap   total 107520K, used 85719K [0x0000000083600000, 0x0000000100000000)
  region size 1024K, 40 young (40960K), 7 survivors (7168K)
 Metaspace       used 63624K, capacity 64325K, committed 64684K, reserved 1105920K
  class space    used 8640K, capacity 8858K, committed 8960K, reserved 1048576K
}
Event: 23.922 GC heap after
{Heap after GC invocations=37 (full 0):
 garbage-first heap   total 107520K, used 62508K [0x0000000083600000, 0x0000000100000000)
  region size 1024K, 5 young (5120K), 5 survivors (5120K)
 Metaspace       used 63624K, capacity 64325K, committed 64684K, reserved 1105920K
  class space    used 8640K, capacity 8858K, committed 8960K, reserved 1048576K
}
Event: 24.219 GC heap before
{Heap before GC invocations=37 (full 0):
 garbage-first heap   total 107520K, used 85036K [0x0000000083600000, 0x0000000100000000)
  region size 1024K, 28 young (28672K), 5 survivors (5120K)
 Metaspace       used 63624K, capacity 64325K, committed 64684K, reserved 1105920K
  class space    used 8640K, capacity 8858K, committed 8960K, reserved 1048576K
}
Event: 24.228 GC heap after
{Heap after GC invocations=38 (full 0):
 garbage-first heap   total 129024K, used 68012K [0x0000000083600000, 0x0000000100000000)
  region size 1024K, 4 young (4096K), 4 survivors (4096K)
 Metaspace       used 63624K, capacity 64325K, committed 64684K, reserved 1105920K
  class space    used 8640K, capacity 8858K, committed 8960K, reserved 1048576K
}
Event: 24.880 GC heap before
{Heap before GC invocations=39 (full 0):
 garbage-first heap   total 129024K, used 99756K [0x0000000083600000, 0x0000000100000000)
  region size 1024K, 34 young (34816K), 4 survivors (4096K)
 Metaspace       used 63617K, capacity 64313K, committed 64684K, reserved 1105920K
  class space    used 8639K, capacity 8856K, committed 8960K, reserved 1048576K
}
Event: 24.892 GC heap after
{Heap after GC invocations=40 (full 0):
 garbage-first heap   total 129024K, used 77728K [0x0000000083600000, 0x0000000100000000)
  region size 1024K, 5 young (5120K), 5 survivors (5120K)
 Metaspace       used 63617K, capacity 64313K, committed 64684K, reserved 1105920K
  class space    used 8639K, capacity 8856K, committed 8960K, reserved 1048576K
}
Event: 24.903 GC heap before
{Heap before GC invocations=40 (full 0):
 garbage-first heap   total 129024K, used 77728K [0x0000000083600000, 0x0000000100000000)
  region size 1024K, 6 young (6144K), 5 survivors (5120K)
 Metaspace       used 63617K, capacity 64313K, committed 64684K, reserved 1105920K
  class space    used 8639K, capacity 8856K, committed 8960K, reserved 1048576K
}
Event: 24.913 GC heap after
{Heap after GC invocations=41 (full 0):
 garbage-first heap   total 129024K, used 70402K [0x0000000083600000, 0x0000000100000000)
  region size 1024K, 1 young (1024K), 1 survivors (1024K)
 Metaspace       used 63617K, capacity 64313K, committed 64684K, reserved 1105920K
  class space    used 8639K, capacity 8856K, committed 8960K, reserved 1048576K
}
Event: 25.270 GC heap before
{Heap before GC invocations=41 (full 0):
 garbage-first heap   total 129024K, used 97026K [0x0000000083600000, 0x0000000100000000)
  region size 1024K, 28 young (28672K), 1 survivors (1024K)
 Metaspace       used 63617K, capacity 64313K, committed 64684K, reserved 1105920K
  class space    used 8639K, capacity 8856K, committed 8960K, reserved 1048576K
}
Event: 25.276 GC heap after
{Heap after GC invocations=42 (full 0):
 garbage-first heap   total 129024K, used 75919K [0x0000000083600000, 0x0000000100000000)
  region size 1024K, 4 young (4096K), 4 survivors (4096K)
 Metaspace       used 63617K, capacity 64313K, committed 64684K, reserved 1105920K
  class space    used 8639K, capacity 8856K, committed 8960K, reserved 1048576K
}
Event: 26.341 GC heap before
{Heap before GC invocations=43 (full 0):
 garbage-first heap   total 129024K, used 92303K [0x0000000083600000, 0x0000000100000000)
  region size 1024K, 28 young (28672K), 4 survivors (4096K)
 Metaspace       used 64070K, capacity 64805K, committed 64940K, reserved 1105920K
  class space    used 8726K, capacity 8955K, committed 8960K, reserved 1048576K
}
Event: 26.355 GC heap after
{Heap after GC invocations=44 (full 0):
 garbage-first heap   total 129024K, used 74757K [0x0000000083600000, 0x0000000100000000)
  region size 1024K, 4 young (4096K), 4 survivors (4096K)
 Metaspace       used 64070K, capacity 64805K, committed 64940K, reserved 1105920K
  class space    used 8726K, capacity 8955K, committed 8960K, reserved 1048576K
}
Event: 26.420 GC heap before
{Heap before GC invocations=44 (full 0):
 garbage-first heap   total 129024K, used 75781K [0x0000000083600000, 0x0000000100000000)
  region size 1024K, 6 young (6144K), 4 survivors (4096K)
 Metaspace       used 64141K, capacity 64869K, committed 64940K, reserved 1105920K
  class space    used 8736K, capacity 8955K, committed 8960K, reserved 1048576K
}
Event: 26.429 GC heap after
{Heap after GC invocations=45 (full 0):
 garbage-first heap   total 129024K, used 63304K [0x0000000083600000, 0x0000000100000000)
  region size 1024K, 1 young (1024K), 1 survivors (1024K)
 Metaspace       used 64141K, capacity 64869K, committed 64940K, reserved 1105920K
  class space    used 8736K, capacity 8955K, committed 8960K, reserved 1048576K
}

